  AngaziraniStudent.cpp
\\mars\domain_homes\bjelic\documents\visual studio 2015\projects\student\student\angaziranistudent.h(2): fatal error C1016: #if[n]def expected an identifier
  Generating Code...
  Compiling...
  Datum.cpp
\\mars\domain_homes\bjelic\documents\visual studio 2015\projects\student\student\datum.h(2): fatal error C1016: #if[n]def expected an identifier
  Generating Code...
  Compiling...
  Osoba.cpp
\\mars\domain_homes\bjelic\documents\visual studio 2015\projects\student\student\datum.h(2): fatal error C1016: #if[n]def expected an identifier
  Generating Code...
  Compiling...
  PrivremeniZaposlenik.cpp
\\mars\domain_homes\bjelic\documents\visual studio 2015\projects\student\student\datum.h(2): fatal error C1016: #if[n]def expected an identifier
  Generating Code...
  Compiling...
  Zaposlenik.cpp
\\mars\domain_homes\bjelic\documents\visual studio 2015\projects\student\student\datum.h(2): fatal error C1016: #if[n]def expected an identifier
  Generating Code...
  Compiling...
  main.cpp
\\mars\domain_homes\bjelic\documents\visual studio 2015\projects\student\student\datum.h(2): fatal error C1016: #if[n]def expected an identifier
  Generating Code...
